GET /api/resize?filename=udacity&height=250&width=250 200 - 35.802 ms
GET /api 200 - 3.451 ms
GET /api/resize 200 - 0.814 ms
GET /api/resize?filename=udacity 200 - 0.440 ms
GET /api/resize?filename=udacity&width=200 200 - 25.496 ms
GET /api/resize?filename=udacity&height=200 200 - 19.500 ms
GET /api/resize?filename=udacity&width=200&height=200 200 - 4.434 ms
GET /api/resize?filename=udacityyyy&width=200&height=200 200 - 0.644 ms
GET /api 200 - 25.565 ms
GET /api/resize 200 - 2.095 ms
GET /api/resize?filename=udacity 200 - 1.337 ms
GET /api/resize?filename=udacity&width=200 200 - 86.478 ms
GET /api/resize?filename=udacity&height=200 200 - 22.127 ms
GET /api/resize?filename=udacity&width=200&height=200 200 - 14.433 ms
GET /api/resize?filename=udacityyyy&width=200&height=200 200 - 1.021 ms
GET /api 200 - 3.075 ms
GET /api/resize 200 - 0.719 ms
GET /api/resize?filename=udacity 200 - 0.458 ms
GET /api/resize?filename=udacity&width=200 200 - 20.884 ms
GET /api/resize?filename=udacity&width=200&height=200 200 - 15.514 ms
GET /api/resize?filename=udacityyyy&width=200&height=200 200 - 0.910 ms
GET /api 200 - 4.191 ms
GET /api/resize?filename=udacity 200 - 1.187 ms
GET /api/resize?filename=udacity&width=200 200 - 5.715 ms
GET /api/resize?filename=udacity&height=200 200 - 17.611 ms
GET /api/resize?filename=udacity&width=200&height=200 200 - 8.590 ms
GET /api/resize?filename=udacityyyy&width=200&height=200 200 - 0.613 ms
GET /api/resize 200 - 3.740 ms
GET /api/resize 200 - 2.883 ms
GET /api/resize 200 - 2.722 ms
GET /api/resize 200 - 0.492 ms
GET /api/resize 200 - 0.511 ms
GET /api/resize 200 - 0.541 ms
GET /api/resize 200 - 0.464 ms
GET /api/resize 200 - 0.299 ms
GET /api/resize 200 - 0.254 ms
GET /api/resize 200 - 0.321 ms
GET /api/resize 200 - 0.311 ms
GET /api/resize 200 - 0.387 ms
GET /api/resize 200 - 0.274 ms
GET /api/resize 200 - 0.319 ms
GET /api/resize 200 - 0.386 ms
GET /api/resize 200 - 0.290 ms
GET /api/resize 200 - 0.355 ms
GET /api/resize 200 - 4.051 ms
GET /api/resize 200 - 2.513 ms
GET /api/resize 200 - 0.670 ms
GET /api/resize 200 - 2.640 ms
GET /api/resize?height=250&width=250 200 - 0.507 ms
GET /api/resize?filename=udacity 200 - 0.317 ms
GET /api/resize?filename=udacity&height=250 200 - 35.442 ms
GET /api/resize?filename=udacity&width=250 200 - 19.468 ms
GET /api/resize?filename=udacity&height=250&width=250 200 - 24.863 ms
GET /api 200 - 3.243 ms
GET /api/resize 200 - 1.136 ms
GET /api/resize?filename=udacity 200 - 0.731 ms
GET /api/resize?filename=udacity&width=200 200 - 8.573 ms
GET /api/resize?filename=udacity&height=200 200 - 7.730 ms
GET /api/resize?filename=udacity&width=200&height=200 200 - 4.903 ms
GET /api/resize?filename=udacityyyy&width=200&height=200 200 - 0.797 ms
GET /api 200 - 4.457 ms
GET /api/resize 200 - 1.181 ms
GET /api/resize?filename=udacity 200 - 0.458 ms
GET /api/resize?filename=udacity&width=200 200 - 10.029 ms
GET /api/resize?filename=udacity&height=200 200 - 6.849 ms
GET /api/resize?filename=udacity&width=200&height=200 200 - 9.000 ms
GET /api/resize?filename=udacityyyy&width=200&height=200 200 - 1.875 ms
GET /api 200 - 4.452 ms
GET /api/resize 200 - 0.760 ms
GET /api/resize?filename=udacity 200 - 0.322 ms
GET /api/resize?filename=udacity&width=200 200 - 184.645 ms
GET /api/resize?filename=udacity&height=200 200 - 25.259 ms
GET /api/resize?filename=udacity&width=200&height=200 200 - 8.948 ms
GET /api/resize?filename=udacityyyy&width=200&height=200 200 - 0.736 ms
GET /resize 200 - 3.219 ms
GET /resize 200 - 3.389 ms
GET /resize 200 - 4.007 ms
GET /api/resize 200 - 3.048 ms
GET /api/resize 200 - 4.508 ms
GET /api/resize 200 - 4.749 ms
GET /api 200 - 4.130 ms
GET /api 200 - 33.923 ms
GET /api 200 - 3.429 ms
GET /api 200 - 3.766 ms
GET /api 200 - 0.583 ms
GET /api/resize 200 - 0.653 ms
GET /api 200 - 4.550 ms
GET /api 200 - 0.680 ms
GET /api/resize 200 - 0.799 ms
GET /api 200 - 0.442 ms
GET /api/resize 200 - 0.457 ms
GET /api/resize?filename=udacity 200 - 0.403 ms
GET /api/resize?filename=udacity&width=200 200 - 91.147 ms
GET /api/resize?filename=udacity&height=200 200 - 22.671 ms
GET /api/resize?filename=udacity&width=200&height=200 200 - 59.115 ms
GET /api/resize?filename=udacityyyy&width=200&height=200 200 - 31.682 ms
GET /api 200 - 4.891 ms
GET /api 200 - 0.961 ms
GET /api/resize 200 - 0.588 ms
GET /api 200 - 0.460 ms
GET /api/resize 200 - 0.616 ms
GET /api/resize?filename=udacity 200 - 0.508 ms
GET /api/resize?filename=udacity&width=200 200 - 7.783 ms
GET /api/resize?filename=udacity&height=200 200 - 11.843 ms
GET /api/resize?filename=udacity&width=200&height=200 200 - 6.524 ms
GET /api/resize?filename=udacityyyy&width=200&height=200 200 - 0.924 ms
GET /api 200 - 3.192 ms
GET /api 200 - 0.779 ms
GET /api/resize 200 - 0.896 ms
GET /api 200 - 0.388 ms
GET /api/resize 200 - 0.529 ms
GET /api/resize?filename=udacity 200 - 0.460 ms
GET /api/resize?filename=udacity&width=200 200 - 11.016 ms
GET /api/resize?filename=udacity&height=200 200 - 7.640 ms
GET /api/resize?filename=udacity&width=200&height=200 200 - 7.756 ms
GET /api/resize?filename=udacityyyy&width=200&height=200 200 - 0.940 ms
GET /api 200 - 6.017 ms
GET /api 200 - 0.792 ms
GET /api/resize 200 - 0.655 ms
GET /api 200 - 1.410 ms
GET /api/resize 200 - 0.513 ms
GET /api/resize?filename=udacity 200 - 0.421 ms
GET /api/resize?filename=udacity&width=200 200 - 12.468 ms
GET /api/resize?filename=udacity&height=200 200 - 11.590 ms
GET /api/resize?filename=udacity&width=200&height=200 200 - 8.528 ms
GET /api/resize?filename=udacityyyy&width=200&height=200 200 - 1.251 ms
GET / 404 - 3.410 ms
GET /api 200 - 7.332 ms
GET /favicon.ico 404 - 0.636 ms
GET /api/resize?filename=sayco&hight=200&width=400 200 - 5.266 ms
GET /api/resize?filename=udacity&hight=200&width=400 200 - 180.847 ms
GET /api/resize?filename=udacity&hight=200&width=400 200 - 9.543 ms
GET /api/resize?filename=udacity&hight=200&width=400 200 - 8.914 ms
GET /api/resize?filename=udacity&hight=200&width=400 200 - 9.870 ms
GET /api/resize?filename=udacity&hight=200&width=400 200 - 6.857 ms
GET /api/resize?filename=udacity&hight=200&width=400 200 - 66.195 ms
GET /api/resize?filename=udacity&hight=200&width=400 200 - 6.789 ms
GET /api/resize? 404 - 2.751 ms
GET /api/resize? 404 - 4.807 ms
GET /api/resize? 404 - 0.949 ms
GET /api/resize? 404 - 4.430 ms
GET /api/resize? 200 - 5.655 ms
GET /api/resize? 304 - 5.892 ms
GET /api/resize?filename=sayco&hight=200&width=400 304 - 3.417 ms
GET /api/resize?filename=udacity&hight=200&width=400 304 - 123.169 ms
GET /api/resize?filename=udacity&hight=200&width=41a 200 - 194.672 ms
GET /api/resize?filename=udacity&hight=20a&width=41a 200 - 4.665 ms
GET /api/resize?filename=udacity&hight=a&width=a 200 - 6.351 ms
GET /api/resize?filename=udacity&hight=a&width=a 304 - 1.315 ms
GET /api/resize?filename=udacity&hight=a&width=150 200 - 5.392 ms
GET /api/resize?filename=udacity&hight=a&width=150 304 - 3.416 ms
GET /api/resize?filename=udacity&hight=200&width=a 200 - 0.762 ms
GET /api/resize?filename=udacity&hight=a&width=a 304 - 3.030 ms
GET /api/resize?filename=udacity&hight=500&width=a 200 - 2.241 ms
GET /api/resize?filename=udacity&hight=500&width=500 200 - 0.960 ms
GET /api/resize?filename=udacity&hight=500&width=500 304 - 2.662 ms
GET /api/resize?filename=udacity&hight=500&width=500 304 - 1.822 ms
GET /api/resize?filename=udacity&hight=500&width=500 304 - 2.339 ms
GET /api/resize?filename=udacity&hight=250&width=250 200 - 0.983 ms
GET /api/resize?filename=udacity&hight=250&width=250 304 - 4.614 ms
GET /api/resize?filename=udacity&hight=250&width=250 304 - 5.618 ms
GET /api/resize?filename=udacity&height=400&width=250 200 - 246.310 ms
GET /api/resize?filename=udacity&height=400&width=400 200 - 32.719 ms
GET /api/resize?filename=udacity&height=400&width=a. 200 - 2.270 ms
GET /api/resize?filename=udacity&height=400&width=500 200 - 28.945 ms
GET /api/resize?filename=udacity&height=500&width=500 200 - 43.238 ms
GET /api/resize?filename=udacity&height=50t0&width=500 200 - 11.011 ms
GET /api/resize?filename=udacity&height=50t0&width=500 200 - 8.483 ms
GET /api/resize?filename=udacity&height=1&width=1 200 - 13.793 ms
GET /api/resize?filename=udacity&height=1&width=1 200 - 2.541 ms
GET /api/resize?filename=udacity&height=0&width=0 200 - 3.628 ms
GET /api/resize?filename=udacity&height=5&width=0 200 - 3.286 ms
GET /api/resize?filename=udacity&height=5&width=5 200 - 27.946 ms
GET /api/resize?filename=udacity&height=k&width=0 200 - 1.144 ms
GET /api/resize?filename=udacity&height=k&width=0 304 - 5.163 ms
GET /api/resize?filename=udacity&height=200&width=200 404 - 8.119 ms
GET /api/resize?filename=udacity&height=200&width=200 404 - 6.581 ms
GET /api/resize?filename=udacity&height=200&width=200 404 - 8.726 ms
GET /api/resize?filename=udacity&height=200&width=200 - - - ms
GET /api/resize?filename=udacity&height=200&width=200 - - - ms
GET /api/resize?filename=udacity&height=200&width=200 403 - 18.262 ms
GET /api/resize?filename=udacity&height=200&width=200 - - - ms
GET /api/resize?filename=udacity&height=200&width=200 200 - 14.559 ms
GET /api/resize?filename=udacity&height=200&width=200 200 - 3.451 ms
GET /api/resize?filename=udacity&height=200&width=200 200 - 2.892 ms
GET /api/resize?filename=udacity&height=200&width=200 304 - 2.901 ms
GET /api/resize?filename=udacity&height=200&width=200 304 - 2.915 ms
GET /api/resize?filename=udacity&height=200&width=250 200 - 26.101 ms
GET /api/resize?filename=udacity&height=200&width=250 200 - 3.054 ms
GET /api/resize?filename=udacity&height=200&width=250 304 - 3.354 ms
GET /api/resize?filename=udacity&height=233&width=233 200 - 10.316 ms
GET /api/resize?filename=udacity&height=233&width=233 200 - 1.757 ms
GET /api/resize?filename=udacity&height=233&width=233 304 - 3.607 ms
GET /api/resize?filename=udacity&height=233&width=233 304 - 39.820 ms
GET /api/resize?filename=udacity&height=233&width=233 304 - 2.595 ms
GET /api/resize?filename=udacity&height=235&width=235 200 - 29.159 ms
GET /api/resize?filename=udacity&height=235&width=235 200 - 9.116 ms
GET /api/resize?filename=udacity&height=235&width=235 304 - 2.257 ms
GET /api/resize?filename=udacity&height=240&width=240 200 - 80.757 ms
GET /api/resize?filename=udacity&height=240&width=240 404 - 7.013 ms
GET /api/resize?filename=udacity&height=240&width=240 404 - 2.499 ms
GET /api/resize?filename=udacity&height=240&width=241 200 - 10.833 ms
GET /api/resize?filename=udacity&height=240&width=241 404 - 2.862 ms
GET /api/resize?filename=udacity&height=240&width=241 304 - 9.805 ms
GET /api/resize?filename=udacity&height=245&width=255 200 - 21.400 ms
GET /api/resize?filename=udacity&height=245&width=255 304 - 3.533 ms
GET /api/resize?filename=udacity&height=245&width=255 304 - 2.367 ms
GET /api/resize?filename=udacity&height=245&width=255 304 - 185.750 ms
GET /api/resize?filename=udacity&height=245&width=444 200 - 11.998 ms
GET /api/resize?filename=udacity&height=444&width=444 200 - 3.409 ms
GET /api/resize?filename=udacity&height=444&width=444 304 - 10.656 ms
GET /api/resize?filename=udacity&height=444&width=444 304 - 2.176 ms
GET /api/resize?filename=udacity&height=444&width=455 200 - 49.749 ms
GET /api/resize?filename=udacity&height=444&width=455 304 - 2.132 ms
GET /api/resize?filename=udacity&height=490&width=455 200 - 69.433 ms
GET /api/resize?filename=udacity&height=490&width=455 304 - 8.246 ms
GET /api 200 - 3.517 ms
GET /api/resize 404 - 1.263 ms
GET /api/resize?filename=udacity 404 - 0.359 ms
GET /api/resize?filename=udacity&width=200 404 - 0.468 ms
GET /api/resize?filename=udacity&height=200 404 - 0.424 ms
GET /api/resize?filename=udacity&width=200&height=200 304 - 21.226 ms
GET /api/resize?filename=udacityyyy&width=200&height=200 404 - 0.699 ms
GET /api/resize?filename=udacityyyy&width=aa&height=bb 404 - 0.273 ms
GET /api 200 - 2.671 ms
GET /api/resize 404 - 0.864 ms
GET /api/resize?filename=udacity 404 - 0.324 ms
GET /api/resize?filename=udacity&width=200 404 - 0.354 ms
GET /api/resize?filename=udacity&height=200 404 - 0.294 ms
GET /api/resize?filename=udacity&width=200&height=200 304 - 7.333 ms
GET /api/resize?filename=udacityyyy&width=200&height=200 404 - 0.634 ms
GET /api/resize?filename=udacityyyy&width=aa&height=bb 404 - 0.334 ms
GET /api 200 - 3.070 ms
GET /api/resize 404 - 1.113 ms
GET /api/resize?filename=udacity 404 - 0.364 ms
GET /api/resize?filename=udacity&width=200 404 - 0.394 ms
GET /api/resize?filename=udacity&height=200 404 - 0.584 ms
GET /api/resize?filename=udacity&width=200&height=200 304 - 8.143 ms
GET /api/resize?filename=udacityyyy&width=200&height=200 404 - 1.008 ms
GET /api/resize?filename=udacityyyy&width=aa&height=bb 404 - 0.329 ms
GET /api 200 - 4.978 ms
GET /api/resize 404 - 1.456 ms
GET /api/resize?filename=udacity 404 - 0.441 ms
GET /api/resize?filename=udacity&width=200 404 - 0.461 ms
GET /api/resize?filename=udacity&height=200 404 - 0.352 ms
GET /api/resize?filename=udacity&width=200&height=200 304 - 6.404 ms
GET /api/resize?filename=udacityyyy&width=200&height=200 404 - 0.818 ms
GET /api/resize?filename=udacityyyy&width=aa&height=bb 404 - 0.376 ms
GET /api 200 - 4.692 ms
GET /api/resize 404 - 1.271 ms
GET /api/resize?filename=udacity 404 - 0.439 ms
GET /api/resize?filename=udacity&width=200 404 - 0.492 ms
GET /api/resize?filename=udacity&height=200 404 - 0.436 ms
GET /api/resize?filename=udacity&width=200&height=200 304 - 5.103 ms
GET /api/resize?filename=udacityyyy&width=200&height=200 404 - 1.170 ms
GET /api/resize?filename=udacityyyy&width=aa&height=bb 404 - 0.569 ms
GET /api 200 - 7.212 ms
GET /api/resize 404 - 1.678 ms
GET /api/resize?filename=udacity 404 - 0.560 ms
GET /api/resize?filename=udacity&width=200 404 - 0.559 ms
GET /api/resize?filename=udacity&height=200 404 - 0.538 ms
GET /api/resize?filename=udacity&width=200&height=200 304 - 4.207 ms
GET /api/resize?filename=udacityyyy&width=200&height=200 404 - 0.709 ms
GET /api/resize?filename=udacityyyy&width=aa&height=bb 404 - 0.373 ms
GET /api/resize?filename=udacity&height=490&width=455 304 - 12.534 ms
GET /api/resize?filename=udacity&height=490 404 - 2.386 ms
GET /api/resize?filename=udacity&height=490 404 - 4.560 ms
GET /api/resize?filename=udacity&height=490 404 - 3.757 ms
GET /api/resize?filename=udacity&height=490 200 - 104.829 ms
GET /api 200 - 4.258 ms
GET /api/resize 404 - 2.302 ms
GET /api/resize?filename=udacity 404 - 0.437 ms
GET /api/resize?filename=udacity&width=200 304 - 23.235 ms
GET /api/resize?filename=udacity&height=200 304 - 12.645 ms
GET /api/resize?filename=udacity&width=200&height=200 304 - 2.177 ms
GET /api/resize?filename=udacityyyy&width=200&height=200 404 - 0.858 ms
GET /api/resize?filename=udacityyyy&width=aa&height=bb 404 - 0.570 ms
GET /api 200 - 4.156 ms
GET /api/resize 404 - 1.281 ms
GET /api/resize?filename=udacity 404 - 0.469 ms
GET /api/resize?filename=udacity&width=200 304 - 5.422 ms
GET /api/resize?filename=udacity&height=200 304 - 1.463 ms
GET /api/resize?filename=udacity&width=200&height=200 304 - 1.247 ms
GET /api/resize?filename=udacityyyy&width=200&height=200 404 - 0.835 ms
GET /api/resize?filename=udacityyyy&width=aa&height=bb 404 - 0.525 ms
GET /api/ 200 - 3.662 ms
GET /api/ 304 - 1.049 ms
GET /api/ 304 - 0.712 ms
GET /api/ 304 - 4.500 ms
GET /api/ 304 - 1.177 ms
GET /api/ 200 - 0.611 ms
GET /api/ 200 - 0.502 ms
GET /api/ 200 - 0.376 ms
GET /api 200 - 4.596 ms
GET /api/resize 404 - 0.898 ms
GET /api/resize?filename=udacity 404 - 0.428 ms
GET /api/resize?filename=udacity&width=200 304 - 5.480 ms
GET /api/resize?filename=udacity&height=200 304 - 1.603 ms
GET /api/resize?filename=udacity&width=200&height=200 304 - 1.408 ms
GET /api/resize?filename=udacityyyy&width=200&height=200 404 - 0.856 ms
GET /api/resize?filename=udacityyyy&width=aa&height=bb 404 - 0.472 ms
GET /api 200 - 5.270 ms
GET /api/resize 404 - 1.718 ms
GET /api/resize?filename=udacity 404 - 0.396 ms
GET /api/resize?filename=udacity&width=200 304 - 4.382 ms
GET /api/resize?filename=udacity&height=200 304 - 1.967 ms
GET /api/resize?filename=udacity&width=200&height=200 304 - 1.740 ms
GET /api/resize?filename=udacityyyy&width=200&height=200 404 - 0.988 ms
GET /api/resize?filename=udacityyyy&width=aa&height=bb 404 - 0.568 ms
GET /api 200 - 2.908 ms
GET /api/resize 404 - 0.980 ms
GET /api/resize?filename=udacity 404 - 0.373 ms
GET /api/resize?filename=udacity&width=200 304 - 15.410 ms
GET /api/resize?filename=udacity&height=200 304 - 5.280 ms
GET /api/resize?filename=udacity&width=200&height=200 304 - 17.596 ms
GET /api/resize?filename=udacityyyy&width=200&height=200 404 - 4.021 ms
GET /api/resize?filename=udacityyyy&width=aa&height=bb 404 - 0.478 ms
GET /api 200 - 4.218 ms
GET /api/resize 404 - 1.163 ms
GET /api/resize?filename=udacity 404 - 0.435 ms
GET /api/resize?filename=udacity&width=200 304 - 7.157 ms
GET /api/resize?filename=udacity&height=200 304 - 1.704 ms
GET /api/resize?filename=udacity&width=200&height=200 304 - 1.252 ms
GET /api/resize?filename=udacityyyy&width=200&height=200 404 - 0.839 ms
GET /api/resize?filename=udacityyyy&width=aa&height=bb 404 - 0.489 ms
GET /api 200 - 4.169 ms
GET /api/resize 404 - 1.339 ms
GET /api/resize?filename=udacity 404 - 0.469 ms
GET /api/resize?filename=udacity&width=200 304 - 14.125 ms
GET /api/resize?filename=udacity&height=200 304 - 1.282 ms
GET /api/resize?filename=udacity&width=200&height=200 304 - 5.148 ms
GET /api/resize?filename=udacityyyy&width=200&height=200 404 - 1.077 ms
GET /api/resize?filename=udacityyyy&width=aa&height=bb 404 - 0.499 ms
GET /api 200 - 4.902 ms
GET /api/resize 404 - 0.885 ms
GET /api/resize?filename=udacity 404 - 0.323 ms
GET /api/resize?filename=udacity&width=200 304 - 8.877 ms
GET /api/resize?filename=udacity&height=200 304 - 2.799 ms
GET /api/resize?filename=udacity&width=200&height=200 304 - 1.279 ms
GET /api/resize?filename=udacityyyy&width=200&height=200 404 - 1.201 ms
GET /api/resize?filename=udacityyyy&width=aa&height=bb 404 - 0.469 ms
GET /api/resize?filename=udacity&width=400 304 - 10.984 ms
GET /api/resize 404 - 2.874 ms
GET /api/resize 404 - 0.585 ms
GET /api/resize?filename=udacity&hight=200&width=400 304 - 1.809 ms
GET /api/resize?filename=udacity&height=490&width=455 304 - 21.698 ms
GET /api/resize?filename=udacity&hight=200&width=400 304 - 1.558 ms
GET /api/resize?filename=udacity&hight=200&width=400 304 - 1.641 ms
GET /api/resize?filename=udacity&hight=200&width=400 304 - 1.335 ms
GET /api/resize?filename=udacity&hight=200&width=400 304 - 1.761 ms
GET /api/resize?filename=udacity&hight=200 404 - 0.577 ms
GET /api/resize?filename=udacity&height=200 304 - 1.844 ms
GET /api/resize?filename=udacity&height=200 304 - 4.218 ms
GET /favicon.ico 404 - 2.020 ms
GET /api/resize 404 - 0.439 ms
GET /api/resize?filename=sayco&height=200&width=400 404 - 1.542 ms
GET /api/resize?filename=udacity&height=200&width=400 200 - 32.754 ms
GET /api/resize?filename=udacity&height=200 304 - 1.837 ms
GET /api/resize?filename=udacity&width=400 304 - 1.708 ms
GET /api/resize?filename=udacity&height=202 200 - 9.986 ms
GET /api 200 - 4.616 ms
GET /api/resize 404 - 1.579 ms
GET /api/resize?filename=udacity 404 - 0.482 ms
GET /api/resize?filename=udacity&width=200 304 - 10.547 ms
GET /api/resize?filename=udacity&height=200 304 - 4.858 ms
GET /api/resize?filename=udacity&width=200&height=200 304 - 1.126 ms
GET /api/resize?filename=udacityyyy&width=200&height=200 404 - 0.902 ms
GET /api/resize?filename=udacityyyy&width=aa&height=bb 404 - 0.492 ms
GET /api/resize?filename=udacity&height=202 304 - 8.743 ms
GET /api/resize?filename=udacity&height=202 304 - 2.547 ms
GET /api/resize?filename=udacity&height=202 304 - 2.237 ms
GET /api/resize?filename=udacity&height=202 304 - 42.795 ms
GET /api/resize?filename=udacity&height=490&width=455 304 - 172.619 ms
GET /api/resize?filename=udacity&height=202 304 - 91.318 ms
GET /api/resize?filename=udacity&height=202 304 - 6.822 ms
GET /api/resize?filename=udacity&height=202 304 - 12.014 ms
GET /api/resize?filename=udacity&height=202 304 - 7.479 ms
GET /api/resize?filename=udacity&height=202 - - - ms
GET /api/resize?filename=udacity&height=202 200 - 37.619 ms
GET /api 200 - 3.045 ms
GET /api/resize 404 - 2.231 ms
GET /api/resize?filename=udacity 404 - 1.036 ms
GET /api/resize?filename=udacity&width=200 200 - 23.355 ms
GET /api/resize?filename=udacity&height=200 200 - 11.574 ms
GET /api/resize?filename=udacity&width=200&height=200 200 - 10.074 ms
GET /api/resize?filename=udacityyyy&width=200&height=200 404 - 0.949 ms
GET /api/resize?filename=udacityyyy&width=aa&height=bb 404 - 1.008 ms
GET /api 200 - 4.234 ms
GET /api/resize 404 - 2.378 ms
GET /api/resize?filename=udacity 404 - 0.930 ms
GET /api/resize?filename=udacity&width=200 200 - 18.201 ms
GET /api/resize?filename=udacity&height=200 200 - 12.212 ms
GET /api/resize?filename=udacity&width=200&height=200 200 - 10.164 ms
GET /api/resize?filename=udacityyyy&width=200&height=200 404 - 1.382 ms
GET /api/resize?filename=udacityyyy&width=aa&height=bb 404 - 0.577 ms
GET /api/resize?filename=udacity&height=202 304 - 28.671 ms
GET /api/resize?filename=udacity&width=202 200 - 15.911 ms
GET /api/resize?filename=udacity&width=202 304 - 7.695 ms
GET /api/resize?filename=udacity&width=202 304 - 7.554 ms
GET /api/resize?filename=udacity&width=202 304 - 5.408 ms
GET /api 200 - 3.084 ms
GET /api/resize 404 - 3.136 ms
GET /api/resize?filename=udacity 404 - 4.850 ms
GET /api/resize?filename=udacity&width=250 200 - 16.654 ms
GET /api/resize?filename=udacity&height=250 200 - 15.020 ms
GET /api/resize?filename=udacity&width=200&height=200 304 - 6.285 ms
GET /api/resize?filename=udacityyyy&width=200&height=200 404 - 1.304 ms
GET /api/resize?filename=udacityyyy&width=aa&height=bb 404 - 0.642 ms
GET /api 200 - 4.174 ms
GET /api/resize 404 - 2.898 ms
GET /api/resize?filename=udacity 404 - 1.002 ms
GET /api/resize?filename=udacity&width=250 200 - 23.593 ms
GET /api/resize?filename=udacity&height=250 200 - 19.379 ms
GET /api/resize?filename=udacity&width=200&height=200 200 - 9.264 ms
GET /api/resize?filename=udacityyyy&width=200&height=200 404 - 1.009 ms
GET /api/resize?filename=udacityyyy&width=aa&height=bb 404 - 0.539 ms
GET /api/resize?filename=udacity&width=250 304 - 11.078 ms
GET /api/resize?filename=udacity&width=250 304 - 3.730 ms
GET /api/resize?filename=udacity&width=250 304 - 2.245 ms
GET /api/resize?filename=udacity&width=250 200 - 16.530 ms
GET /api/resize?filename=udacity&width=250 304 - 6.409 ms
GET /api/resize?filename=udacity&width=250 304 - 4.514 ms
GET /api/resize?filename=udacity&width=250&height=250 200 - 30.608 ms
GET /api/resize?filename=udacity&width=250&height=250 304 - 3.894 ms
GET /api/resize?filename=udacity&width=250&height=250 304 - 4.569 ms
GET /api/resize?filename=udacity&width=250&height=250 304 - 7.291 ms
GET /api/resize?filename=udacity&width=250&height=260 200 - 34.639 ms
GET /api/resize?filename=udacity&width=270 200 - 11.596 ms
GET /api/resize?filename=udacity&width=270&height=270 200 - 24.698 ms
GET /api/resize?filename=udacity&width=270&height=280 200 - 16.476 ms
GET /api 200 - 3.085 ms
GET /api/resize 404 - 2.269 ms
GET /api/resize?filename=udacity 404 - 5.018 ms
GET /api/resize?filename=udacity&width=270 304 - 12.756 ms
GET /api/resize?filename=udacity&height=250 200 - 17.833 ms
GET /api/resize?filename=udacity&width=200&height=200 200 - 10.719 ms
GET /api/resize?filename=udacityyyy&width=200&height=200 404 - 1.087 ms
GET /api/resize?filename=udacityyyy&width=aa&height=bb 404 - 0.531 ms
GET /api 200 - 4.620 ms
GET /api/resize 404 - 2.808 ms
GET /api/resize?filename=udacity 404 - 1.075 ms
GET /api/resize?filename=udacity&width=270 200 - 24.997 ms
GET /api/resize?filename=udacity&height=250 200 - 18.251 ms
GET /api/resize?filename=udacity&width=200&height=200 200 - 11.206 ms
GET /api/resize?filename=udacityyyy&width=200&height=200 404 - 1.787 ms
GET /api/resize?filename=udacityyyy&width=aa&height=bb 404 - 0.751 ms
GET /api/resize?filename=udacity 404 - 4.498 ms
GET /api/resize?filename=udacity 404 - 1.396 ms
GET /api/resize?filename=udacity&width=270 304 - 13.648 ms
GET /api 200 - 4.377 ms
GET /api/resize 404 - 2.841 ms
GET /api/resize?filename=udacity 404 - 2.165 ms
GET /api/resize?filename=udacity&width=270 304 - 10.870 ms
GET /api/resize?filename=udacity&height=250 304 - 2.377 ms
GET /api/resize?filename=udacity&width=200&height=200 304 - 1.591 ms
GET /api/resize?filename=udacityyyy&width=200&height=200 404 - 1.196 ms
GET /api/resize?filename=udacityyyy&width=aa&height=bb 404 - 0.922 ms
GET /api 200 - 5.058 ms
GET /api/resize 404 - 4.968 ms
GET /api/resize?filename=udacity 404 - 2.928 ms
GET /api/resize?filename=udacity&width=270 304 - 9.873 ms
GET /api/resize?filename=udacity&height=250 304 - 2.550 ms
GET /api/resize?filename=udacity&width=200&height=200 304 - 3.331 ms
GET /api/resize?filename=udacityyyy&width=200&height=200 404 - 1.381 ms
GET /api/resize?filename=udacityyyy&width=aa&height=bb 404 - 0.542 ms
GET /api 200 - 3.990 ms
GET /api/resize 404 - 2.159 ms
GET /api/resize?filename=udacity 404 - 1.013 ms
GET /api/resize?filename=udacity&width=270 304 - 5.182 ms
GET /api/resize?filename=udacity&height=250 304 - 1.673 ms
GET /api/resize?filename=udacity&width=200&height=200 304 - 1.805 ms
GET /api/resize?filename=udacityyyy&width=200&height=200 404 - 1.454 ms
GET /api/resize?filename=udacityyyy&width=aa&height=bb 404 - 0.708 ms
GET /api 200 - 4.595 ms
GET /api/resize 404 - 2.308 ms
GET /api/resize?filename=udacity 404 - 5.330 ms
GET /api/resize?filename=udacity&width=270 304 - 6.758 ms
GET /api/resize?filename=udacity&height=250 304 - 2.450 ms
GET /api/resize?filename=udacity&width=200&height=200 304 - 1.512 ms
GET /api/resize?filename=udacityyyy&width=200&height=200 404 - 1.104 ms
GET /api/resize?filename=udacityyyy&width=aa&height=bb 404 - 0.665 ms
GET /api 200 - 3.221 ms
GET /api/resize 404 - 3.097 ms
GET /api/resize?filename=udacity 404 - 6.354 ms
GET /api/resize?filename=udacity&width=270 200 - 10.578 ms
GET /api/resize?filename=udacity&height=250 200 - 15.254 ms
GET /api/resize?filename=udacity&width=200&height=200 200 - 11.602 ms
GET /api/resize?filename=udacityyyy&width=200&height=200 404 - 0.940 ms
GET /api/resize?filename=udacityyyy&width=aa&height=bb 404 - 0.506 ms
GET /api 200 - 3.071 ms
GET /api/resize 404 - 2.229 ms
GET /api/resize?filename=udacity 404 - 1.028 ms
GET /api/resize?filename=udacity&width=270 304 - 11.733 ms
GET /api/resize?filename=udacity&height=250 304 - 2.926 ms
GET /api/resize?filename=udacity&width=200&height=200 304 - 2.169 ms
GET /api/resize?filename=udacityyyy&width=200&height=200 404 - 1.379 ms
GET /api/resize?filename=udacityyyy&width=aa&height=bb 404 - 0.881 ms
GET /api 200 - 3.669 ms
GET /api/resize 404 - 3.017 ms
GET /api/resize?filename=udacity 404 - 1.108 ms
GET /api/resize?filename=udacity&width=270 304 - 9.199 ms
GET /api/resize?filename=udacity&height=250 304 - 5.216 ms
GET /api/resize?filename=udacity&width=200&height=200 304 - 1.526 ms
GET /api/resize?filename=udacityyyy&width=200&height=200 404 - 1.289 ms
GET /api/resize?filename=udacityyyy&width=aa&height=bb 404 - 0.918 ms
GET /api 200 - 4.006 ms
GET /api/resize 404 - 2.687 ms
GET /api/resize?filename=udacity 404 - 1.255 ms
GET /api/resize?filename=udacity&width=270 304 - 7.352 ms
GET /api/resize?filename=udacity&height=250 304 - 1.905 ms
GET /api/resize?filename=udacity&width=200&height=200 304 - 4.237 ms
GET /api/resize?filename=udacityyyy&width=200&height=200 404 - 1.206 ms
GET /api/resize?filename=udacityyyy&width=aa&height=bb 404 - 0.723 ms
GET /api 200 - 4.977 ms
GET /api/resize 404 - 2.790 ms
GET /api/resize?filename=udacity 404 - 0.912 ms
GET /api/resize?filename=udacity&width=270 304 - 15.531 ms
GET /api/resize?filename=udacity&height=250 304 - 8.643 ms
GET /api/resize?filename=udacity&width=200&height=200 304 - 2.906 ms
GET /api/resize?filename=udacityyyy&width=200&height=200 404 - 2.671 ms
GET /api/resize?filename=udacityyyy&width=aa&height=bb 404 - 2.303 ms
GET /api 200 - 4.099 ms
GET /api/resize 404 - 2.221 ms
GET /api/resize?filename=udacity 404 - 1.033 ms
GET /api/resize?filename=udacity&width=270 304 - 7.984 ms
GET /api/resize?filename=udacity&height=250 304 - 2.462 ms
GET /api/resize?filename=udacity&width=200&height=200 304 - 1.635 ms
GET /api/resize?filename=udacityyyy&width=200&height=200 404 - 0.950 ms
GET /api/resize?filename=udacityyyy&width=aa&height=bb 404 - 1.002 ms
GET /api 200 - 3.967 ms
GET /api/resize 404 - 2.784 ms
GET /api/resize?filename=udacity 404 - 3.366 ms
GET /api/resize?filename=udacity&width=270 304 - 11.120 ms
GET /api/resize?filename=udacity&height=250 304 - 3.308 ms
GET /api/resize?filename=udacity&width=200&height=200 304 - 2.740 ms
GET /api/resize?filename=udacityyyy&width=200&height=200 404 - 1.450 ms
GET /api/resize?filename=udacityyyy&width=aa&height=bb 404 - 1.797 ms
GET /api 200 - 4.145 ms
GET /api/resize 404 - 1.481 ms
GET /api/resize?filename=udacity 404 - 0.390 ms
GET /api/resize?filename=udacity&width=270 304 - 10.719 ms
GET /api/resize?filename=udacity&height=250 304 - 1.813 ms
GET /api/resize?filename=udacity&width=200&height=200 304 - 1.682 ms
GET /api/resize?filename=udacityyyy&width=200&height=200 404 - 0.851 ms
GET /api/resize?filename=udacityyyy&width=aa&height=bb 404 - 0.381 ms
GET /api 200 - 4.080 ms
GET /api/resize 404 - 1.312 ms
GET /api/resize?filename=udacity 404 - 0.395 ms
GET /api/resize?filename=udacity&width=270 304 - 7.140 ms
GET /api/resize?filename=udacity&height=250 304 - 1.799 ms
GET /api/resize?filename=udacity&width=200&height=200 304 - 3.692 ms
GET /api/resize?filename=udacityyyy&width=200&height=200 404 - 3.218 ms
GET /api/resize?filename=udacityyyy&width=aa&height=bb 404 - 0.501 ms
GET /api 200 - 3.814 ms
GET /api/resize 404 - 1.551 ms
GET /api/resize?filename=udacity 404 - 0.472 ms
GET /api/resize?filename=udacity&width=270 304 - 5.065 ms
GET /api/resize?filename=udacity&height=250 304 - 2.955 ms
GET /api/resize?filename=udacity&width=200&height=200 304 - 3.422 ms
GET /api/resize?filename=udacityyyy&width=200&height=200 404 - 0.865 ms
GET /api/resize?filename=udacityyyy&width=aa&height=bb 404 - 0.468 ms
GET /api 200 - 4.222 ms
GET /api/resize 404 - 1.565 ms
GET /api/resize?filename=udacity 404 - 0.449 ms
GET /api/resize?filename=udacity&width=270 304 - 7.100 ms
GET /api/resize?filename=udacity&height=250 304 - 1.485 ms
GET /api/resize?filename=udacity&width=200&height=200 304 - 1.788 ms
GET /api/resize?filename=udacityyyy&width=200&height=200 404 - 0.879 ms
GET /api/resize?filename=udacityyyy&width=aa&height=bb 404 - 0.454 ms
GET /api 200 - 4.100 ms
GET /api/resize 404 - 1.564 ms
GET /api/resize?filename=udacity 404 - 0.454 ms
GET /api/resize?filename=udacity&width=270 304 - 6.467 ms
GET /api/resize?filename=udacity&height=250 304 - 5.249 ms
GET /api/resize?filename=udacity&width=200&height=200 304 - 8.993 ms
GET /api/resize?filename=udacityyyy&width=200&height=200 404 - 0.856 ms
GET /api/resize?filename=udacityyyy&width=aa&height=bb 404 - 0.562 ms
GET /api 200 - 4.179 ms
GET /api/resize 404 - 1.323 ms
GET /api/resize?filename=udacity 404 - 0.440 ms
GET /api/resize?filename=udacity&width=270 304 - 5.655 ms
GET /api/resize?filename=udacity&height=250 304 - 1.772 ms
GET /api/resize?filename=udacity&width=200&height=200 304 - 1.375 ms
GET /api/resize?filename=udacityyyy&width=200&height=200 404 - 0.851 ms
GET /api/resize?filename=udacityyyy&width=aa&height=bb 404 - 0.477 ms
GET /api 200 - 4.180 ms
GET /api/resize 404 - 1.379 ms
GET /api/resize?filename=udacity 404 - 0.476 ms
GET /api/resize?filename=udacity&width=270 304 - 5.759 ms
GET /api/resize?filename=udacity&height=250 304 - 1.042 ms
GET /api/resize?filename=udacity&width=200&height=200 304 - 1.731 ms
GET /api/resize?filename=udacityyyy&width=200&height=200 404 - 6.272 ms
GET /api/resize?filename=udacityyyy&width=aa&height=bb 404 - 0.497 ms
GET /api 200 - 4.102 ms
GET /api/resize 404 - 1.390 ms
GET /api/resize?filename=udacity 404 - 0.370 ms
GET /api/resize?filename=udacity&width=270 304 - 19.129 ms
GET /api/resize?filename=udacity&height=250 304 - 6.411 ms
GET /api/resize?filename=udacity&width=200&height=200 304 - 8.481 ms
GET /api/resize?filename=udacityyyy&width=200&height=200 404 - 1.153 ms
GET /api/resize?filename=udacityyyy&width=aa&height=bb 404 - 0.529 ms
GET /api 200 - 4.085 ms
GET /api/resize 404 - 1.178 ms
GET /api/resize?filename=udacity 404 - 0.388 ms
GET /api/resize?filename=udacity&width=270 304 - 4.938 ms
GET /api/resize?filename=udacity&height=250 304 - 3.745 ms
GET /api/resize?filename=udacity&width=200&height=200 304 - 1.112 ms
GET /api/resize?filename=udacityyyy&width=200&height=200 404 - 0.829 ms
GET /api/resize?filename=udacityyyy&width=aa&height=bb 404 - 0.461 ms
GET /api 200 - 3.188 ms
GET /api/resize 404 - 1.465 ms
GET /api/resize?filename=udacity 404 - 0.419 ms
GET /api/resize?filename=udacity&width=270 304 - 10.291 ms
GET /api/resize?filename=udacity&height=250 304 - 1.644 ms
GET /api/resize?filename=udacity&width=200&height=200 304 - 1.237 ms
GET /api/resize?filename=udacityyyy&width=200&height=200 404 - 3.142 ms
GET /api/resize?filename=udacityyyy&width=aa&height=bb 404 - 0.374 ms
GET /api 200 - 4.649 ms
GET /api/resize 404 - 1.342 ms
GET /api/resize?filename=udacity 404 - 0.358 ms
GET /api/resize?filename=udacity&height=250 304 - 5.964 ms
GET /api/resize?filename=udacity&width=200&height=200 304 - 5.797 ms
GET /api/resize?filename=udacityyyy&width=200&height=200 404 - 0.815 ms
GET /api/resize?filename=udacityyyy&width=aa&height=bb 404 - 0.257 ms
GET /api 200 - 3.739 ms
GET /api/resize 404 - 1.670 ms
GET /api/resize?filename=udacity 404 - 0.350 ms
GET /api/resize?filename=udacity&height=250 200 - 19.422 ms
GET /api/resize?filename=udacity&width=200&height=200 200 - 9.277 ms
GET /api/resize?filename=udacityyyy&width=200&height=200 404 - 1.346 ms
GET /api/resize?filename=udacityyyy&width=aa&height=bb 404 - 0.581 ms
GET /api 200 - 5.520 ms
GET /api/resize 404 - 1.334 ms
GET /api/resize?filename=udacity 404 - 0.587 ms
GET /api/resize?filename=udacity&width=200&height=200 304 - 14.642 ms
GET /api/resize?filename=udacityyyy&width=200&height=200 404 - 5.885 ms
GET /api/resize?filename=udacityyyy&width=aa&height=bb 404 - 0.662 ms
GET /api 200 - 4.924 ms
GET /api/resize 404 - 1.309 ms
GET /api/resize?filename=udacity 404 - 0.354 ms
GET /api/resize?filename=udacity&width=200&height=200 304 - 10.793 ms
GET /api/resize?filename=udacityyyy&width=200&height=200 404 - 0.954 ms
GET /api/resize?filename=udacityyyy&width=aa&height=bb 404 - 0.393 ms
GET /api 200 - 4.138 ms
GET /api/resize 404 - 1.769 ms
GET /api/resize?filename=udacity 404 - 0.514 ms
GET /api/resize?filename=udacity&width=200&height=200 304 - 13.142 ms
GET /api/resize?filename=udacityyyy&width=200&height=200 404 - 1.180 ms
GET /api/resize?filename=udacityyyy&width=aa&height=bb 404 - 0.649 ms
GET /api 200 - 4.215 ms
GET /api/resize 404 - 1.267 ms
GET /api/resize?filename=udacity 404 - 0.320 ms
GET /api/resize?filename=udacity&width=200&height=200 304 - 3.838 ms
GET /api/resize?filename=udacityyyy&width=200&height=200 404 - 1.317 ms
GET /api/resize?filename=udacityyyy&width=aa&height=bb 404 - 0.353 ms
GET /api 200 - 2.993 ms
GET /api/resize 404 - 1.286 ms
GET /api/resize?filename=udacity 404 - 0.548 ms
GET /api/resize?filename=udacity&width=200&height=200 304 - 4.745 ms
GET /api/resize?filename=udacityyyy&width=200&height=200 404 - 2.444 ms
GET /api/resize?filename=udacityyyy&width=aa&height=bb 404 - 0.459 ms
GET /api 200 - 2.802 ms
GET /api/resize 404 - 1.367 ms
GET /api/resize?filename=udacity 404 - 0.343 ms
GET /api/resize?filename=udacity&width=270 200 - 23.387 ms
GET /api/resize?filename=udacity&height=250 200 - 22.663 ms
GET /api/resize?filename=udacity&width=200&height=200 200 - 13.588 ms
GET /api/resize?filename=udacityyyy&width=200&height=200 404 - 0.643 ms
GET /api/resize?filename=udacityyyy&width=aa&height=bb 404 - 0.344 ms
